<?xml version="1.0" encoding="UTF-8"?>
<!-- Generated by org.testng.reporters.JUnitXMLReporter -->
<testsuite ignored="0" hostname="majd-sunfower1" failures="0" tests="9" name="Default test" time="352.607" errors="0" timestamp="2024-10-29T20:02:45 EET">
  <testcase classname="majd" name="longin" time="0.264"/>
  <testcase classname="majd" name="CheckReturnDate" time="0.042"/>
  <testcase classname="majd" name="date2" time="0.037"/>
  <testcase classname="majd" name="i" time="66.855"/>
  <testcase classname="majd" name="i" time="70.19"/>
  <testcase classname="majd" name="i" time="63.364"/>
  <testcase classname="majd" name="i" time="64.932"/>
  <testcase classname="majd" name="i" time="74.507"/>
  <testcase classname="majd" name="serchResultss" time="0.061"/>
</testsuite> <!-- Default test -->
