<?xml version="1.0" encoding="UTF-8"?>
<testng-results ignored="0" total="9" passed="9" failed="0" skipped="0">
  <reporter-output>
  </reporter-output>
  <suite started-at="2024-10-29T19:56:53 EET" name="Default suite" finished-at="2024-10-29T20:02:45 EET" duration-ms="352607">
    <groups>
    </groups>
    <test started-at="2024-10-29T19:56:53 EET" name="Default test" finished-at="2024-10-29T20:02:45 EET" duration-ms="352607">
      <class name="majd">
        <test-method is-config="true" signature="mySetup()[pri:0, instance:majd@2e8e8225]" started-at="2024-10-29T19:56:53 EET" name="mySetup" finished-at="2024-10-29T19:57:05 EET" duration-ms="12316" status="PASS">
          <reporter-output>
          </reporter-output>
        </test-method> <!-- mySetup -->
        <test-method signature="longin()[pri:1, instance:majd@2e8e8225]" started-at="2024-10-29T19:57:05 EET" name="longin" finished-at="2024-10-29T19:57:05 EET" duration-ms="264" status="PASS">
          <reporter-output>
          </reporter-output>
        </test-method> <!-- longin -->
        <test-method signature="CheckReturnDate()[pri:2, instance:majd@2e8e8225]" started-at="2024-10-29T19:57:05 EET" name="CheckReturnDate" finished-at="2024-10-29T19:57:05 EET" duration-ms="42" status="PASS">
          <reporter-output>
          </reporter-output>
        </test-method> <!-- CheckReturnDate -->
        <test-method signature="date2()[pri:3, instance:majd@2e8e8225]" started-at="2024-10-29T19:57:05 EET" name="date2" finished-at="2024-10-29T19:57:05 EET" duration-ms="37" status="PASS">
          <reporter-output>
          </reporter-output>
        </test-method> <!-- date2 -->
        <test-method signature="i()[pri:4, instance:majd@2e8e8225]" started-at="2024-10-29T19:57:05 EET" name="i" finished-at="2024-10-29T19:58:12 EET" duration-ms="66855" status="PASS">
          <reporter-output>
          </reporter-output>
        </test-method> <!-- i -->
        <test-method signature="i()[pri:4, instance:majd@2e8e8225]" started-at="2024-10-29T19:58:12 EET" name="i" finished-at="2024-10-29T19:59:22 EET" duration-ms="70190" status="PASS">
          <reporter-output>
          </reporter-output>
        </test-method> <!-- i -->
        <test-method signature="i()[pri:4, instance:majd@2e8e8225]" started-at="2024-10-29T19:59:22 EET" name="i" finished-at="2024-10-29T20:00:26 EET" duration-ms="63364" status="PASS">
          <reporter-output>
          </reporter-output>
        </test-method> <!-- i -->
        <test-method signature="i()[pri:4, instance:majd@2e8e8225]" started-at="2024-10-29T20:00:26 EET" name="i" finished-at="2024-10-29T20:01:31 EET" duration-ms="64932" status="PASS">
          <reporter-output>
          </reporter-output>
        </test-method> <!-- i -->
        <test-method signature="i()[pri:4, instance:majd@2e8e8225]" started-at="2024-10-29T20:01:31 EET" name="i" finished-at="2024-10-29T20:02:45 EET" duration-ms="74507" status="PASS">
          <reporter-output>
          </reporter-output>
        </test-method> <!-- i -->
        <test-method signature="serchResultss()[pri:5, instance:majd@2e8e8225]" started-at="2024-10-29T20:02:45 EET" name="serchResultss" finished-at="2024-10-29T20:02:45 EET" duration-ms="61" status="PASS">
          <reporter-output>
          </reporter-output>
        </test-method> <!-- serchResultss -->
      </class> <!-- majd -->
    </test> <!-- Default test -->
  </suite> <!-- Default suite -->
</testng-results>
